C:\USERS\승현\DOCUMENTS\VISUAL STUDIO 2010\PROJECTS\RENEWALQS\DEBUG\RQSLOGIN.EXE
C:\USERS\승현\DOCUMENTS\VISUAL STUDIO 2010\PROJECTS\RENEWALQS\DEBUG\RQSLOGIN.ILK
C:\USERS\승현\DOCUMENTS\VISUAL STUDIO 2010\PROJECTS\RENEWALQS\DEBUG\RQSLOGIN.PDB
C:\Users\승현\documents\visual studio 2010\Projects\RenewalQS\RQSLogin\Debug\cl.command.1.tlog
C:\Users\승현\documents\visual studio 2010\Projects\RenewalQS\RQSLogin\Debug\CL.read.1.tlog
C:\Users\승현\documents\visual studio 2010\Projects\RenewalQS\RQSLogin\Debug\CL.write.1.tlog
C:\USERS\승현\DOCUMENTS\VISUAL STUDIO 2010\PROJECTS\RENEWALQS\RQSLOGIN\DEBUG\CRYPTION.OBJ
C:\USERS\승현\DOCUMENTS\VISUAL STUDIO 2010\PROJECTS\RENEWALQS\RQSLOGIN\DEBUG\DEBUG.OBJ
C:\USERS\승현\DOCUMENTS\VISUAL STUDIO 2010\PROJECTS\RENEWALQS\RQSLOGIN\DEBUG\HASH_TABLE.OBJ
C:\Users\승현\documents\visual studio 2010\Projects\RenewalQS\RQSLogin\Debug\link.10456.read.1.tlog
C:\Users\승현\documents\visual studio 2010\Projects\RenewalQS\RQSLogin\Debug\link.10456.write.1.tlog
C:\Users\승현\documents\visual studio 2010\Projects\RenewalQS\RQSLogin\Debug\link.10456-cvtres.read.1.tlog
C:\Users\승현\documents\visual studio 2010\Projects\RenewalQS\RQSLogin\Debug\link.10456-cvtres.write.1.tlog
C:\Users\승현\documents\visual studio 2010\Projects\RenewalQS\RQSLogin\Debug\link.7864.read.1.tlog
C:\Users\승현\documents\visual studio 2010\Projects\RenewalQS\RQSLogin\Debug\link.7864.write.1.tlog
C:\Users\승현\documents\visual studio 2010\Projects\RenewalQS\RQSLogin\Debug\link.7864-cvtres.read.1.tlog
C:\Users\승현\documents\visual studio 2010\Projects\RenewalQS\RQSLogin\Debug\link.7864-cvtres.write.1.tlog
C:\Users\승현\documents\visual studio 2010\Projects\RenewalQS\RQSLogin\Debug\link.command.1.tlog
C:\Users\승현\documents\visual studio 2010\Projects\RenewalQS\RQSLogin\Debug\link.read.1.tlog
C:\Users\승현\documents\visual studio 2010\Projects\RenewalQS\RQSLogin\Debug\link.write.1.tlog
C:\Users\승현\documents\visual studio 2010\Projects\RenewalQS\RQSLogin\Debug\link-cvtres.read.1.tlog
C:\Users\승현\documents\visual studio 2010\Projects\RenewalQS\RQSLogin\Debug\link-cvtres.write.1.tlog
C:\USERS\승현\DOCUMENTS\VISUAL STUDIO 2010\PROJECTS\RENEWALQS\RQSLOGIN\DEBUG\LIST.OBJ
C:\USERS\승현\DOCUMENTS\VISUAL STUDIO 2010\PROJECTS\RENEWALQS\RQSLOGIN\DEBUG\LOGIN.OBJ
C:\USERS\승현\DOCUMENTS\VISUAL STUDIO 2010\PROJECTS\RENEWALQS\RQSLOGIN\DEBUG\MAIN.OBJ
C:\USERS\승현\DOCUMENTS\VISUAL STUDIO 2010\PROJECTS\RENEWALQS\RQSLOGIN\DEBUG\MEM.OBJ
C:\USERS\승현\DOCUMENTS\VISUAL STUDIO 2010\PROJECTS\RENEWALQS\RQSLOGIN\DEBUG\MINHEAP.OBJ
C:\Users\승현\documents\visual studio 2010\Projects\RenewalQS\RQSLogin\Debug\mt.command.1.tlog
C:\Users\승현\documents\visual studio 2010\Projects\RenewalQS\RQSLogin\Debug\mt.read.1.tlog
C:\Users\승현\documents\visual studio 2010\Projects\RenewalQS\RQSLogin\Debug\mt.write.1.tlog
C:\Users\승현\documents\visual studio 2010\Projects\RenewalQS\RQSLogin\Debug\rc.command.1.tlog
C:\Users\승현\documents\visual studio 2010\Projects\RenewalQS\RQSLogin\Debug\rc.read.1.tlog
C:\Users\승현\documents\visual studio 2010\Projects\RenewalQS\RQSLogin\Debug\rc.write.1.tlog
C:\USERS\승현\DOCUMENTS\VISUAL STUDIO 2010\PROJECTS\RENEWALQS\RQSLOGIN\DEBUG\RQSLOGIN.EXE.EMBED.MANIFEST
C:\USERS\승현\DOCUMENTS\VISUAL STUDIO 2010\PROJECTS\RENEWALQS\RQSLOGIN\DEBUG\RQSLOGIN.EXE.EMBED.MANIFEST.RES
C:\USERS\승현\DOCUMENTS\VISUAL STUDIO 2010\PROJECTS\RENEWALQS\RQSLOGIN\DEBUG\RQSLOGIN.EXE.INTERMEDIATE.MANIFEST
C:\Users\승현\documents\visual studio 2010\Projects\RenewalQS\RQSLogin\Debug\RQSLogin.vcxprojResolveAssemblyReference.cache
C:\Users\승현\documents\visual studio 2010\Projects\RenewalQS\RQSLogin\Debug\RQSLogin.write.1.tlog
C:\Users\승현\documents\visual studio 2010\Projects\RenewalQS\RQSLogin\Debug\RQSLogin_manifest.rc
C:\USERS\승현\DOCUMENTS\VISUAL STUDIO 2010\PROJECTS\RENEWALQS\RQSLOGIN\DEBUG\SCRIPT.OBJ
C:\USERS\승현\DOCUMENTS\VISUAL STUDIO 2010\PROJECTS\RENEWALQS\RQSLOGIN\DEBUG\SCRIPTFUNC.OBJ
C:\USERS\승현\DOCUMENTS\VISUAL STUDIO 2010\PROJECTS\RENEWALQS\RQSLOGIN\DEBUG\SOCKET.OBJ
C:\USERS\승현\DOCUMENTS\VISUAL STUDIO 2010\PROJECTS\RENEWALQS\RQSLOGIN\DEBUG\TIMER.OBJ
C:\Users\승현\documents\visual studio 2010\Projects\RenewalQS\RQSLogin\Debug\vc100.idb
C:\USERS\승현\DOCUMENTS\VISUAL STUDIO 2010\PROJECTS\RENEWALQS\RQSLOGIN\DEBUG\VC100.PDB
