C:\USERS\승현\DOCUMENTS\VISUAL STUDIO 2010\PROJECTS\RENEWALQS\DEBUG\RQSGAME.EXE
C:\USERS\승현\DOCUMENTS\VISUAL STUDIO 2010\PROJECTS\RENEWALQS\DEBUG\RQSGAME.ILK
C:\USERS\승현\DOCUMENTS\VISUAL STUDIO 2010\PROJECTS\RENEWALQS\DEBUG\RQSGAME.PDB
C:\Users\승현\documents\visual studio 2010\Projects\RenewalQS\RQSGame\Debug\cl.command.1.tlog
C:\Users\승현\documents\visual studio 2010\Projects\RenewalQS\RQSGame\Debug\CL.read.1.tlog
C:\Users\승현\documents\visual studio 2010\Projects\RenewalQS\RQSGame\Debug\CL.write.1.tlog
C:\USERS\승현\DOCUMENTS\VISUAL STUDIO 2010\PROJECTS\RENEWALQS\RQSGAME\DEBUG\CRYPTION.OBJ
C:\USERS\승현\DOCUMENTS\VISUAL STUDIO 2010\PROJECTS\RENEWALQS\RQSGAME\DEBUG\DEBUG.OBJ
C:\USERS\승현\DOCUMENTS\VISUAL STUDIO 2010\PROJECTS\RENEWALQS\RQSGAME\DEBUG\GAME.OBJ
C:\USERS\승현\DOCUMENTS\VISUAL STUDIO 2010\PROJECTS\RENEWALQS\RQSGAME\DEBUG\HASH_TABLE.OBJ
C:\USERS\승현\DOCUMENTS\VISUAL STUDIO 2010\PROJECTS\RENEWALQS\RQSGAME\DEBUG\ITEM.OBJ
C:\Users\승현\documents\visual studio 2010\Projects\RenewalQS\RQSGame\Debug\link.11416.read.1.tlog
C:\Users\승현\documents\visual studio 2010\Projects\RenewalQS\RQSGame\Debug\link.11416.write.1.tlog
C:\Users\승현\documents\visual studio 2010\Projects\RenewalQS\RQSGame\Debug\link.11416-cvtres.read.1.tlog
C:\Users\승현\documents\visual studio 2010\Projects\RenewalQS\RQSGame\Debug\link.11416-cvtres.write.1.tlog
C:\Users\승현\documents\visual studio 2010\Projects\RenewalQS\RQSGame\Debug\link.12616.read.1.tlog
C:\Users\승현\documents\visual studio 2010\Projects\RenewalQS\RQSGame\Debug\link.12616.write.1.tlog
C:\Users\승현\documents\visual studio 2010\Projects\RenewalQS\RQSGame\Debug\link.12616-cvtres.read.1.tlog
C:\Users\승현\documents\visual studio 2010\Projects\RenewalQS\RQSGame\Debug\link.12616-cvtres.write.1.tlog
C:\Users\승현\documents\visual studio 2010\Projects\RenewalQS\RQSGame\Debug\link.12656.read.1.tlog
C:\Users\승현\documents\visual studio 2010\Projects\RenewalQS\RQSGame\Debug\link.12656.write.1.tlog
C:\Users\승현\documents\visual studio 2010\Projects\RenewalQS\RQSGame\Debug\link.12656-cvtres.read.1.tlog
C:\Users\승현\documents\visual studio 2010\Projects\RenewalQS\RQSGame\Debug\link.12656-cvtres.write.1.tlog
C:\Users\승현\documents\visual studio 2010\Projects\RenewalQS\RQSGame\Debug\link.15004.read.1.tlog
C:\Users\승현\documents\visual studio 2010\Projects\RenewalQS\RQSGame\Debug\link.15004.write.1.tlog
C:\Users\승현\documents\visual studio 2010\Projects\RenewalQS\RQSGame\Debug\link.15004-cvtres.read.1.tlog
C:\Users\승현\documents\visual studio 2010\Projects\RenewalQS\RQSGame\Debug\link.15004-cvtres.write.1.tlog
C:\Users\승현\documents\visual studio 2010\Projects\RenewalQS\RQSGame\Debug\link.15220.read.1.tlog
C:\Users\승현\documents\visual studio 2010\Projects\RenewalQS\RQSGame\Debug\link.15220.write.1.tlog
C:\Users\승현\documents\visual studio 2010\Projects\RenewalQS\RQSGame\Debug\link.15220-cvtres.read.1.tlog
C:\Users\승현\documents\visual studio 2010\Projects\RenewalQS\RQSGame\Debug\link.15220-cvtres.write.1.tlog
C:\Users\승현\documents\visual studio 2010\Projects\RenewalQS\RQSGame\Debug\link.16084.read.1.tlog
C:\Users\승현\documents\visual studio 2010\Projects\RenewalQS\RQSGame\Debug\link.16084.write.1.tlog
C:\Users\승현\documents\visual studio 2010\Projects\RenewalQS\RQSGame\Debug\link.16084-cvtres.read.1.tlog
C:\Users\승현\documents\visual studio 2010\Projects\RenewalQS\RQSGame\Debug\link.16084-cvtres.write.1.tlog
C:\Users\승현\documents\visual studio 2010\Projects\RenewalQS\RQSGame\Debug\link.16144.read.1.tlog
C:\Users\승현\documents\visual studio 2010\Projects\RenewalQS\RQSGame\Debug\link.16144.write.1.tlog
C:\Users\승현\documents\visual studio 2010\Projects\RenewalQS\RQSGame\Debug\link.16144-cvtres.read.1.tlog
C:\Users\승현\documents\visual studio 2010\Projects\RenewalQS\RQSGame\Debug\link.16144-cvtres.write.1.tlog
C:\Users\승현\documents\visual studio 2010\Projects\RenewalQS\RQSGame\Debug\link.17152.read.1.tlog
C:\Users\승현\documents\visual studio 2010\Projects\RenewalQS\RQSGame\Debug\link.17152.write.1.tlog
C:\Users\승현\documents\visual studio 2010\Projects\RenewalQS\RQSGame\Debug\link.17152-cvtres.read.1.tlog
C:\Users\승현\documents\visual studio 2010\Projects\RenewalQS\RQSGame\Debug\link.17152-cvtres.write.1.tlog
C:\Users\승현\documents\visual studio 2010\Projects\RenewalQS\RQSGame\Debug\link.19416.read.1.tlog
C:\Users\승현\documents\visual studio 2010\Projects\RenewalQS\RQSGame\Debug\link.19416.write.1.tlog
C:\Users\승현\documents\visual studio 2010\Projects\RenewalQS\RQSGame\Debug\link.19416-cvtres.read.1.tlog
C:\Users\승현\documents\visual studio 2010\Projects\RenewalQS\RQSGame\Debug\link.19416-cvtres.write.1.tlog
C:\Users\승현\documents\visual studio 2010\Projects\RenewalQS\RQSGame\Debug\link.19632.read.1.tlog
C:\Users\승현\documents\visual studio 2010\Projects\RenewalQS\RQSGame\Debug\link.19632.write.1.tlog
C:\Users\승현\documents\visual studio 2010\Projects\RenewalQS\RQSGame\Debug\link.19632-cvtres.read.1.tlog
C:\Users\승현\documents\visual studio 2010\Projects\RenewalQS\RQSGame\Debug\link.19632-cvtres.write.1.tlog
C:\Users\승현\documents\visual studio 2010\Projects\RenewalQS\RQSGame\Debug\link.21008.read.1.tlog
C:\Users\승현\documents\visual studio 2010\Projects\RenewalQS\RQSGame\Debug\link.21008.write.1.tlog
C:\Users\승현\documents\visual studio 2010\Projects\RenewalQS\RQSGame\Debug\link.21008-cvtres.read.1.tlog
C:\Users\승현\documents\visual studio 2010\Projects\RenewalQS\RQSGame\Debug\link.21008-cvtres.write.1.tlog
C:\Users\승현\documents\visual studio 2010\Projects\RenewalQS\RQSGame\Debug\link.4608.read.1.tlog
C:\Users\승현\documents\visual studio 2010\Projects\RenewalQS\RQSGame\Debug\link.4608.write.1.tlog
C:\Users\승현\documents\visual studio 2010\Projects\RenewalQS\RQSGame\Debug\link.4608-cvtres.read.1.tlog
C:\Users\승현\documents\visual studio 2010\Projects\RenewalQS\RQSGame\Debug\link.4608-cvtres.write.1.tlog
C:\Users\승현\documents\visual studio 2010\Projects\RenewalQS\RQSGame\Debug\link.4864.read.1.tlog
C:\Users\승현\documents\visual studio 2010\Projects\RenewalQS\RQSGame\Debug\link.4864.write.1.tlog
C:\Users\승현\documents\visual studio 2010\Projects\RenewalQS\RQSGame\Debug\link.4864-cvtres.read.1.tlog
C:\Users\승현\documents\visual studio 2010\Projects\RenewalQS\RQSGame\Debug\link.4864-cvtres.write.1.tlog
C:\Users\승현\documents\visual studio 2010\Projects\RenewalQS\RQSGame\Debug\link.5528.read.1.tlog
C:\Users\승현\documents\visual studio 2010\Projects\RenewalQS\RQSGame\Debug\link.5528.write.1.tlog
C:\Users\승현\documents\visual studio 2010\Projects\RenewalQS\RQSGame\Debug\link.5528-cvtres.read.1.tlog
C:\Users\승현\documents\visual studio 2010\Projects\RenewalQS\RQSGame\Debug\link.5528-cvtres.write.1.tlog
C:\Users\승현\documents\visual studio 2010\Projects\RenewalQS\RQSGame\Debug\link.6776.read.1.tlog
C:\Users\승현\documents\visual studio 2010\Projects\RenewalQS\RQSGame\Debug\link.6776.write.1.tlog
C:\Users\승현\documents\visual studio 2010\Projects\RenewalQS\RQSGame\Debug\link.6776-cvtres.read.1.tlog
C:\Users\승현\documents\visual studio 2010\Projects\RenewalQS\RQSGame\Debug\link.6776-cvtres.write.1.tlog
C:\Users\승현\documents\visual studio 2010\Projects\RenewalQS\RQSGame\Debug\link.7180.read.1.tlog
C:\Users\승현\documents\visual studio 2010\Projects\RenewalQS\RQSGame\Debug\link.7180.write.1.tlog
C:\Users\승현\documents\visual studio 2010\Projects\RenewalQS\RQSGame\Debug\link.7180-cvtres.read.1.tlog
C:\Users\승현\documents\visual studio 2010\Projects\RenewalQS\RQSGame\Debug\link.7180-cvtres.write.1.tlog
C:\Users\승현\documents\visual studio 2010\Projects\RenewalQS\RQSGame\Debug\link.7204.read.1.tlog
C:\Users\승현\documents\visual studio 2010\Projects\RenewalQS\RQSGame\Debug\link.7204.write.1.tlog
C:\Users\승현\documents\visual studio 2010\Projects\RenewalQS\RQSGame\Debug\link.7204-cvtres.read.1.tlog
C:\Users\승현\documents\visual studio 2010\Projects\RenewalQS\RQSGame\Debug\link.7204-cvtres.write.1.tlog
C:\Users\승현\documents\visual studio 2010\Projects\RenewalQS\RQSGame\Debug\link.7864.read.1.tlog
C:\Users\승현\documents\visual studio 2010\Projects\RenewalQS\RQSGame\Debug\link.7864.write.1.tlog
C:\Users\승현\documents\visual studio 2010\Projects\RenewalQS\RQSGame\Debug\link.7864-cvtres.read.1.tlog
C:\Users\승현\documents\visual studio 2010\Projects\RenewalQS\RQSGame\Debug\link.7864-cvtres.write.1.tlog
C:\Users\승현\documents\visual studio 2010\Projects\RenewalQS\RQSGame\Debug\link.8928.read.1.tlog
C:\Users\승현\documents\visual studio 2010\Projects\RenewalQS\RQSGame\Debug\link.8928.write.1.tlog
C:\Users\승현\documents\visual studio 2010\Projects\RenewalQS\RQSGame\Debug\link.8928-cvtres.read.1.tlog
C:\Users\승현\documents\visual studio 2010\Projects\RenewalQS\RQSGame\Debug\link.8928-cvtres.write.1.tlog
C:\Users\승현\documents\visual studio 2010\Projects\RenewalQS\RQSGame\Debug\link.command.1.tlog
C:\Users\승현\documents\visual studio 2010\Projects\RenewalQS\RQSGame\Debug\link.read.1.tlog
C:\Users\승현\documents\visual studio 2010\Projects\RenewalQS\RQSGame\Debug\link.write.1.tlog
C:\Users\승현\documents\visual studio 2010\Projects\RenewalQS\RQSGame\Debug\link-cvtres.read.1.tlog
C:\Users\승현\documents\visual studio 2010\Projects\RenewalQS\RQSGame\Debug\link-cvtres.write.1.tlog
C:\USERS\승현\DOCUMENTS\VISUAL STUDIO 2010\PROJECTS\RENEWALQS\RQSGAME\DEBUG\LIST.OBJ
C:\USERS\승현\DOCUMENTS\VISUAL STUDIO 2010\PROJECTS\RENEWALQS\RQSGAME\DEBUG\LOGIN.OBJ
C:\USERS\승현\DOCUMENTS\VISUAL STUDIO 2010\PROJECTS\RENEWALQS\RQSGAME\DEBUG\MAGIC.OBJ
C:\USERS\승현\DOCUMENTS\VISUAL STUDIO 2010\PROJECTS\RENEWALQS\RQSGAME\DEBUG\MAIN.OBJ
C:\USERS\승현\DOCUMENTS\VISUAL STUDIO 2010\PROJECTS\RENEWALQS\RQSGAME\DEBUG\MAP.OBJ
C:\USERS\승현\DOCUMENTS\VISUAL STUDIO 2010\PROJECTS\RENEWALQS\RQSGAME\DEBUG\MEM.OBJ
C:\USERS\승현\DOCUMENTS\VISUAL STUDIO 2010\PROJECTS\RENEWALQS\RQSGAME\DEBUG\MINHEAP.OBJ
C:\USERS\승현\DOCUMENTS\VISUAL STUDIO 2010\PROJECTS\RENEWALQS\RQSGAME\DEBUG\MOB.OBJ
C:\Users\승현\documents\visual studio 2010\Projects\RenewalQS\RQSGame\Debug\mt.command.1.tlog
C:\Users\승현\documents\visual studio 2010\Projects\RenewalQS\RQSGame\Debug\mt.read.1.tlog
C:\Users\승현\documents\visual studio 2010\Projects\RenewalQS\RQSGame\Debug\mt.write.1.tlog
C:\USERS\승현\DOCUMENTS\VISUAL STUDIO 2010\PROJECTS\RENEWALQS\RQSGAME\DEBUG\NPC.OBJ
C:\USERS\승현\DOCUMENTS\VISUAL STUDIO 2010\PROJECTS\RENEWALQS\RQSGAME\DEBUG\OBJECT.OBJ
C:\USERS\승현\DOCUMENTS\VISUAL STUDIO 2010\PROJECTS\RENEWALQS\RQSGAME\DEBUG\PC.OBJ
C:\USERS\승현\DOCUMENTS\VISUAL STUDIO 2010\PROJECTS\RENEWALQS\RQSGAME\DEBUG\PET.OBJ
C:\Users\승현\documents\visual studio 2010\Projects\RenewalQS\RQSGame\Debug\rc.command.1.tlog
C:\Users\승현\documents\visual studio 2010\Projects\RenewalQS\RQSGame\Debug\rc.read.1.tlog
C:\Users\승현\documents\visual studio 2010\Projects\RenewalQS\RQSGame\Debug\rc.write.1.tlog
C:\USERS\승현\DOCUMENTS\VISUAL STUDIO 2010\PROJECTS\RENEWALQS\RQSGAME\DEBUG\RQSGAME.EXE.EMBED.MANIFEST
C:\USERS\승현\DOCUMENTS\VISUAL STUDIO 2010\PROJECTS\RENEWALQS\RQSGAME\DEBUG\RQSGAME.EXE.EMBED.MANIFEST.RES
C:\USERS\승현\DOCUMENTS\VISUAL STUDIO 2010\PROJECTS\RENEWALQS\RQSGAME\DEBUG\RQSGAME.EXE.INTERMEDIATE.MANIFEST
C:\Users\승현\documents\visual studio 2010\Projects\RenewalQS\RQSGame\Debug\RQSGame.vcxprojResolveAssemblyReference.cache
C:\Users\승현\documents\visual studio 2010\Projects\RenewalQS\RQSGame\Debug\RQSGame.write.1.tlog
C:\Users\승현\documents\visual studio 2010\Projects\RenewalQS\RQSGame\Debug\RQSGame_manifest.rc
C:\USERS\승현\DOCUMENTS\VISUAL STUDIO 2010\PROJECTS\RENEWALQS\RQSGAME\DEBUG\SCRIPT.OBJ
C:\USERS\승현\DOCUMENTS\VISUAL STUDIO 2010\PROJECTS\RENEWALQS\RQSGAME\DEBUG\SCRIPTFUNC.OBJ
C:\USERS\승현\DOCUMENTS\VISUAL STUDIO 2010\PROJECTS\RENEWALQS\RQSGAME\DEBUG\SFORMAT.OBJ
C:\USERS\승현\DOCUMENTS\VISUAL STUDIO 2010\PROJECTS\RENEWALQS\RQSGAME\DEBUG\SOCKET.OBJ
C:\USERS\승현\DOCUMENTS\VISUAL STUDIO 2010\PROJECTS\RENEWALQS\RQSGAME\DEBUG\SQL.OBJ
C:\USERS\승현\DOCUMENTS\VISUAL STUDIO 2010\PROJECTS\RENEWALQS\RQSGAME\DEBUG\TIMER.OBJ
C:\USERS\승현\DOCUMENTS\VISUAL STUDIO 2010\PROJECTS\RENEWALQS\RQSGAME\DEBUG\USERDATA.OBJ
C:\USERS\승현\DOCUMENTS\VISUAL STUDIO 2010\PROJECTS\RENEWALQS\RQSGAME\DEBUG\USERIMG.OBJ
C:\USERS\승현\DOCUMENTS\VISUAL STUDIO 2010\PROJECTS\RENEWALQS\RQSGAME\DEBUG\USEROBJECT.OBJ
C:\Users\승현\documents\visual studio 2010\Projects\RenewalQS\RQSGame\Debug\vc100.idb
C:\USERS\승현\DOCUMENTS\VISUAL STUDIO 2010\PROJECTS\RENEWALQS\RQSGAME\DEBUG\VC100.PDB
C:\USERS\승현\DOCUMENTS\VISUAL STUDIO 2010\PROJECTS\RENEWALQS\RQSGAME\DEBUG\WORLD.OBJ
